<?xml version="1.0" encoding="UTF-8"?>
<testsuite xmlns:xsi="http://www.w3.org/2001/XMLSchema-instance" xsi:noNamespaceSchemaLocation="https://maven.apache.org/surefire/maven-surefire-plugin/xsd/surefire-test-report.xsd" name="com.hiberus.university.selenium.runner.CucumberRunnerTest" time="137.287" tests="20" errors="3" skipped="0" failures="2">
  <properties>
    <property name="sun.desktop" value="windows"/>
    <property name="awt.toolkit" value="sun.awt.windows.WToolkit"/>
    <property name="file.encoding.pkg" value="sun.io"/>
    <property name="java.specification.version" value="1.8"/>
    <property name="sun.cpu.isalist" value="amd64"/>
    <property name="sun.jnu.encoding" value="Cp1252"/>
    <property name="java.class.path" value="C:\QA\PracticaFinal\target\test-classes;C:\QA\PracticaFinal\target\classes;C:\Users\Iván\.m2\repository\net\masterthought\cucumber-reporting\5.3.0\cucumber-reporting-5.3.0.jar;C:\Users\Iván\.m2\repository\com\fasterxml\jackson\core\jackson-databind\2.10.1\jackson-databind-2.10.1.jar;C:\Users\Iván\.m2\repository\com\fasterxml\jackson\core\jackson-annotations\2.10.1\jackson-annotations-2.10.1.jar;C:\Users\Iván\.m2\repository\com\fasterxml\jackson\core\jackson-core\2.10.1\jackson-core-2.10.1.jar;C:\Users\Iván\.m2\repository\com\fasterxml\jackson\datatype\jackson-datatype-jsr310\2.10.1\jackson-datatype-jsr310-2.10.1.jar;C:\Users\Iván\.m2\repository\org\apache\velocity\velocity-engine-core\2.1\velocity-engine-core-2.1.jar;C:\Users\Iván\.m2\repository\commons-collections\commons-collections\3.2.2\commons-collections-3.2.2.jar;C:\Users\Iván\.m2\repository\joda-time\joda-time\2.10.5\joda-time-2.10.5.jar;C:\Users\Iván\.m2\repository\org\apache\commons\commons-lang3\3.9\commons-lang3-3.9.jar;C:\Users\Iván\.m2\repository\commons-io\commons-io\2.6\commons-io-2.6.jar;C:\Users\Iván\.m2\repository\org\codehaus\plexus\plexus-utils\3.3.0\plexus-utils-3.3.0.jar;C:\Users\Iván\.m2\repository\org\jsoup\jsoup\1.12.1\jsoup-1.12.1.jar;C:\Users\Iván\.m2\repository\com\googlecode\owasp-java-html-sanitizer\owasp-java-html-sanitizer\20191001.1\owasp-java-html-sanitizer-20191001.1.jar;C:\Users\Iván\.m2\repository\commons-configuration\commons-configuration\1.10\commons-configuration-1.10.jar;C:\Users\Iván\.m2\repository\commons-lang\commons-lang\2.6\commons-lang-2.6.jar;C:\Users\Iván\.m2\repository\commons-logging\commons-logging\1.1.1\commons-logging-1.1.1.jar;C:\Users\Iván\.m2\repository\io\cucumber\cucumber-java\7.3.4\cucumber-java-7.3.4.jar;C:\Users\Iván\.m2\repository\org\apiguardian\apiguardian-api\1.1.2\apiguardian-api-1.1.2.jar;C:\Users\Iván\.m2\repository\io\cucumber\cucumber-junit\7.3.4\cucumber-junit-7.3.4.jar;C:\Users\Iván\.m2\repository\io\cucumber\cucumber-core\7.3.4\cucumber-core-7.3.4.jar;C:\Users\Iván\.m2\repository\io\cucumber\cucumber-gherkin\7.3.4\cucumber-gherkin-7.3.4.jar;C:\Users\Iván\.m2\repository\io\cucumber\cucumber-gherkin-messages\7.3.4\cucumber-gherkin-messages-7.3.4.jar;C:\Users\Iván\.m2\repository\io\cucumber\gherkin\23.0.1\gherkin-23.0.1.jar;C:\Users\Iván\.m2\repository\io\cucumber\messages\18.0.0\messages-18.0.0.jar;C:\Users\Iván\.m2\repository\io\cucumber\tag-expressions\4.1.0\tag-expressions-4.1.0.jar;C:\Users\Iván\.m2\repository\io\cucumber\cucumber-expressions\15.1.1\cucumber-expressions-15.1.1.jar;C:\Users\Iván\.m2\repository\io\cucumber\datatable\7.3.4\datatable-7.3.4.jar;C:\Users\Iván\.m2\repository\io\cucumber\cucumber-plugin\7.3.4\cucumber-plugin-7.3.4.jar;C:\Users\Iván\.m2\repository\io\cucumber\docstring\7.3.4\docstring-7.3.4.jar;C:\Users\Iván\.m2\repository\io\cucumber\html-formatter\19.1.0\html-formatter-19.1.0.jar;C:\Users\Iván\.m2\repository\io\cucumber\ci-environment\9.0.4\ci-environment-9.0.4.jar;C:\Users\Iván\.m2\repository\org\seleniumhq\selenium\selenium-java\3.141.59\selenium-java-3.141.59.jar;C:\Users\Iván\.m2\repository\org\seleniumhq\selenium\selenium-chrome-driver\3.141.59\selenium-chrome-driver-3.141.59.jar;C:\Users\Iván\.m2\repository\org\seleniumhq\selenium\selenium-edge-driver\3.141.59\selenium-edge-driver-3.141.59.jar;C:\Users\Iván\.m2\repository\org\seleniumhq\selenium\selenium-firefox-driver\3.141.59\selenium-firefox-driver-3.141.59.jar;C:\Users\Iván\.m2\repository\org\seleniumhq\selenium\selenium-ie-driver\3.141.59\selenium-ie-driver-3.141.59.jar;C:\Users\Iván\.m2\repository\org\seleniumhq\selenium\selenium-opera-driver\3.141.59\selenium-opera-driver-3.141.59.jar;C:\Users\Iván\.m2\repository\org\seleniumhq\selenium\selenium-safari-driver\3.141.59\selenium-safari-driver-3.141.59.jar;C:\Users\Iván\.m2\repository\net\bytebuddy\byte-buddy\1.8.15\byte-buddy-1.8.15.jar;C:\Users\Iván\.m2\repository\org\seleniumhq\selenium\selenium-remote-driver\3.141.59\selenium-remote-driver-3.141.59.jar;C:\Users\Iván\.m2\repository\org\seleniumhq\selenium\selenium-api\3.141.59\selenium-api-3.141.59.jar;C:\Users\Iván\.m2\repository\org\seleniumhq\selenium\selenium-support\3.141.59\selenium-support-3.141.59.jar;C:\Users\Iván\.m2\repository\io\github\bonigarcia\webdrivermanager\5.6.3\webdrivermanager-5.6.3.jar;C:\Users\Iván\.m2\repository\com\google\code\gson\gson\2.10.1\gson-2.10.1.jar;C:\Users\Iván\.m2\repository\com\github\docker-java\docker-java\3.3.4\docker-java-3.3.4.jar;C:\Users\Iván\.m2\repository\com\github\docker-java\docker-java-core\3.3.4\docker-java-core-3.3.4.jar;C:\Users\Iván\.m2\repository\com\github\docker-java\docker-java-api\3.3.4\docker-java-api-3.3.4.jar;C:\Users\Iván\.m2\repository\org\bouncycastle\bcpkix-jdk18on\1.76\bcpkix-jdk18on-1.76.jar;C:\Users\Iván\.m2\repository\org\bouncycastle\bcprov-jdk18on\1.76\bcprov-jdk18on-1.76.jar;C:\Users\Iván\.m2\repository\org\bouncycastle\bcutil-jdk18on\1.76\bcutil-jdk18on-1.76.jar;C:\Users\Iván\.m2\repository\org\slf4j\jcl-over-slf4j\1.7.30\jcl-over-slf4j-1.7.30.jar;C:\Users\Iván\.m2\repository\com\github\docker-java\docker-java-transport-httpclient5\3.3.4\docker-java-transport-httpclient5-3.3.4.jar;C:\Users\Iván\.m2\repository\com\github\docker-java\docker-java-transport\3.3.4\docker-java-transport-3.3.4.jar;C:\Users\Iván\.m2\repository\net\java\dev\jna\jna\5.13.0\jna-5.13.0.jar;C:\Users\Iván\.m2\repository\org\brotli\dec\0.1.2\dec-0.1.2.jar;C:\Users\Iván\.m2\repository\org\apache\commons\commons-compress\1.25.0\commons-compress-1.25.0.jar;C:\Users\Iván\.m2\repository\org\apache\httpcomponents\client5\httpclient5\5.2.1\httpclient5-5.2.1.jar;C:\Users\Iván\.m2\repository\org\apache\httpcomponents\core5\httpcore5\5.2\httpcore5-5.2.jar;C:\Users\Iván\.m2\repository\org\apache\httpcomponents\core5\httpcore5-h2\5.2\httpcore5-h2-5.2.jar;C:\Users\Iván\.m2\repository\com\google\guava\guava\25.0-jre\guava-25.0-jre.jar;C:\Users\Iván\.m2\repository\com\google\code\findbugs\jsr305\1.3.9\jsr305-1.3.9.jar;C:\Users\Iván\.m2\repository\org\checkerframework\checker-compat-qual\2.0.0\checker-compat-qual-2.0.0.jar;C:\Users\Iván\.m2\repository\com\google\errorprone\error_prone_annotations\2.1.3\error_prone_annotations-2.1.3.jar;C:\Users\Iván\.m2\repository\com\google\j2objc\j2objc-annotations\1.1\j2objc-annotations-1.1.jar;C:\Users\Iván\.m2\repository\org\codehaus\mojo\animal-sniffer-annotations\1.14\animal-sniffer-annotations-1.14.jar;C:\Users\Iván\.m2\repository\com\squareup\okhttp3\okhttp\3.11.0\okhttp-3.11.0.jar;C:\Users\Iván\.m2\repository\com\squareup\okio\okio\1.14.0\okio-1.14.0.jar;C:\Users\Iván\.m2\repository\org\apache\commons\commons-exec\1.3\commons-exec-1.3.jar;C:\Users\Iván\.m2\repository\junit\junit\4.13.2\junit-4.13.2.jar;C:\Users\Iván\.m2\repository\org\hamcrest\hamcrest-core\1.3\hamcrest-core-1.3.jar;C:\Users\Iván\.m2\repository\org\hamcrest\hamcrest-library\1.3\hamcrest-library-1.3.jar;C:\Users\Iván\.m2\repository\org\slf4j\slf4j-api\1.7.36\slf4j-api-1.7.36.jar;C:\Users\Iván\.m2\repository\org\slf4j\slf4j-simple\1.7.36\slf4j-simple-1.7.36.jar;C:\Users\Iván\.m2\repository\org\projectlombok\lombok\1.18.24\lombok-1.18.24.jar;"/>
    <property name="java.vm.vendor" value="OpenLogic-OpenJDK"/>
    <property name="sun.arch.data.model" value="64"/>
    <property name="user.variant" value=""/>
    <property name="java.vendor.url" value="http://java.oracle.com/"/>
    <property name="user.timezone" value="Europe/Paris"/>
    <property name="java.vm.specification.version" value="1.8"/>
    <property name="os.name" value="Windows 11"/>
    <property name="user.country" value="ES"/>
    <property name="sun.java.launcher" value="SUN_STANDARD"/>
    <property name="sun.boot.library.path" value="C:\Backend\Java\openjdk-8u402-b06\jre\bin"/>
    <property name="sun.java.command" value="C:\Users\IVN~1\AppData\Local\Temp\surefire647436814732377033\surefirebooter61468330803375365.jar C:\Users\Iván\AppData\Local\Temp\surefire647436814732377033 2024-03-06T16-56-03_018-jvmRun1 surefire5666100696114943746tmp surefire_05501702025355186189tmp"/>
    <property name="surefire.test.class.path" value="C:\QA\PracticaFinal\target\test-classes;C:\QA\PracticaFinal\target\classes;C:\Users\Iván\.m2\repository\net\masterthought\cucumber-reporting\5.3.0\cucumber-reporting-5.3.0.jar;C:\Users\Iván\.m2\repository\com\fasterxml\jackson\core\jackson-databind\2.10.1\jackson-databind-2.10.1.jar;C:\Users\Iván\.m2\repository\com\fasterxml\jackson\core\jackson-annotations\2.10.1\jackson-annotations-2.10.1.jar;C:\Users\Iván\.m2\repository\com\fasterxml\jackson\core\jackson-core\2.10.1\jackson-core-2.10.1.jar;C:\Users\Iván\.m2\repository\com\fasterxml\jackson\datatype\jackson-datatype-jsr310\2.10.1\jackson-datatype-jsr310-2.10.1.jar;C:\Users\Iván\.m2\repository\org\apache\velocity\velocity-engine-core\2.1\velocity-engine-core-2.1.jar;C:\Users\Iván\.m2\repository\commons-collections\commons-collections\3.2.2\commons-collections-3.2.2.jar;C:\Users\Iván\.m2\repository\joda-time\joda-time\2.10.5\joda-time-2.10.5.jar;C:\Users\Iván\.m2\repository\org\apache\commons\commons-lang3\3.9\commons-lang3-3.9.jar;C:\Users\Iván\.m2\repository\commons-io\commons-io\2.6\commons-io-2.6.jar;C:\Users\Iván\.m2\repository\org\codehaus\plexus\plexus-utils\3.3.0\plexus-utils-3.3.0.jar;C:\Users\Iván\.m2\repository\org\jsoup\jsoup\1.12.1\jsoup-1.12.1.jar;C:\Users\Iván\.m2\repository\com\googlecode\owasp-java-html-sanitizer\owasp-java-html-sanitizer\20191001.1\owasp-java-html-sanitizer-20191001.1.jar;C:\Users\Iván\.m2\repository\commons-configuration\commons-configuration\1.10\commons-configuration-1.10.jar;C:\Users\Iván\.m2\repository\commons-lang\commons-lang\2.6\commons-lang-2.6.jar;C:\Users\Iván\.m2\repository\commons-logging\commons-logging\1.1.1\commons-logging-1.1.1.jar;C:\Users\Iván\.m2\repository\io\cucumber\cucumber-java\7.3.4\cucumber-java-7.3.4.jar;C:\Users\Iván\.m2\repository\org\apiguardian\apiguardian-api\1.1.2\apiguardian-api-1.1.2.jar;C:\Users\Iván\.m2\repository\io\cucumber\cucumber-junit\7.3.4\cucumber-junit-7.3.4.jar;C:\Users\Iván\.m2\repository\io\cucumber\cucumber-core\7.3.4\cucumber-core-7.3.4.jar;C:\Users\Iván\.m2\repository\io\cucumber\cucumber-gherkin\7.3.4\cucumber-gherkin-7.3.4.jar;C:\Users\Iván\.m2\repository\io\cucumber\cucumber-gherkin-messages\7.3.4\cucumber-gherkin-messages-7.3.4.jar;C:\Users\Iván\.m2\repository\io\cucumber\gherkin\23.0.1\gherkin-23.0.1.jar;C:\Users\Iván\.m2\repository\io\cucumber\messages\18.0.0\messages-18.0.0.jar;C:\Users\Iván\.m2\repository\io\cucumber\tag-expressions\4.1.0\tag-expressions-4.1.0.jar;C:\Users\Iván\.m2\repository\io\cucumber\cucumber-expressions\15.1.1\cucumber-expressions-15.1.1.jar;C:\Users\Iván\.m2\repository\io\cucumber\datatable\7.3.4\datatable-7.3.4.jar;C:\Users\Iván\.m2\repository\io\cucumber\cucumber-plugin\7.3.4\cucumber-plugin-7.3.4.jar;C:\Users\Iván\.m2\repository\io\cucumber\docstring\7.3.4\docstring-7.3.4.jar;C:\Users\Iván\.m2\repository\io\cucumber\html-formatter\19.1.0\html-formatter-19.1.0.jar;C:\Users\Iván\.m2\repository\io\cucumber\ci-environment\9.0.4\ci-environment-9.0.4.jar;C:\Users\Iván\.m2\repository\org\seleniumhq\selenium\selenium-java\3.141.59\selenium-java-3.141.59.jar;C:\Users\Iván\.m2\repository\org\seleniumhq\selenium\selenium-chrome-driver\3.141.59\selenium-chrome-driver-3.141.59.jar;C:\Users\Iván\.m2\repository\org\seleniumhq\selenium\selenium-edge-driver\3.141.59\selenium-edge-driver-3.141.59.jar;C:\Users\Iván\.m2\repository\org\seleniumhq\selenium\selenium-firefox-driver\3.141.59\selenium-firefox-driver-3.141.59.jar;C:\Users\Iván\.m2\repository\org\seleniumhq\selenium\selenium-ie-driver\3.141.59\selenium-ie-driver-3.141.59.jar;C:\Users\Iván\.m2\repository\org\seleniumhq\selenium\selenium-opera-driver\3.141.59\selenium-opera-driver-3.141.59.jar;C:\Users\Iván\.m2\repository\org\seleniumhq\selenium\selenium-safari-driver\3.141.59\selenium-safari-driver-3.141.59.jar;C:\Users\Iván\.m2\repository\net\bytebuddy\byte-buddy\1.8.15\byte-buddy-1.8.15.jar;C:\Users\Iván\.m2\repository\org\seleniumhq\selenium\selenium-remote-driver\3.141.59\selenium-remote-driver-3.141.59.jar;C:\Users\Iván\.m2\repository\org\seleniumhq\selenium\selenium-api\3.141.59\selenium-api-3.141.59.jar;C:\Users\Iván\.m2\repository\org\seleniumhq\selenium\selenium-support\3.141.59\selenium-support-3.141.59.jar;C:\Users\Iván\.m2\repository\io\github\bonigarcia\webdrivermanager\5.6.3\webdrivermanager-5.6.3.jar;C:\Users\Iván\.m2\repository\com\google\code\gson\gson\2.10.1\gson-2.10.1.jar;C:\Users\Iván\.m2\repository\com\github\docker-java\docker-java\3.3.4\docker-java-3.3.4.jar;C:\Users\Iván\.m2\repository\com\github\docker-java\docker-java-core\3.3.4\docker-java-core-3.3.4.jar;C:\Users\Iván\.m2\repository\com\github\docker-java\docker-java-api\3.3.4\docker-java-api-3.3.4.jar;C:\Users\Iván\.m2\repository\org\bouncycastle\bcpkix-jdk18on\1.76\bcpkix-jdk18on-1.76.jar;C:\Users\Iván\.m2\repository\org\bouncycastle\bcprov-jdk18on\1.76\bcprov-jdk18on-1.76.jar;C:\Users\Iván\.m2\repository\org\bouncycastle\bcutil-jdk18on\1.76\bcutil-jdk18on-1.76.jar;C:\Users\Iván\.m2\repository\org\slf4j\jcl-over-slf4j\1.7.30\jcl-over-slf4j-1.7.30.jar;C:\Users\Iván\.m2\repository\com\github\docker-java\docker-java-transport-httpclient5\3.3.4\docker-java-transport-httpclient5-3.3.4.jar;C:\Users\Iván\.m2\repository\com\github\docker-java\docker-java-transport\3.3.4\docker-java-transport-3.3.4.jar;C:\Users\Iván\.m2\repository\net\java\dev\jna\jna\5.13.0\jna-5.13.0.jar;C:\Users\Iván\.m2\repository\org\brotli\dec\0.1.2\dec-0.1.2.jar;C:\Users\Iván\.m2\repository\org\apache\commons\commons-compress\1.25.0\commons-compress-1.25.0.jar;C:\Users\Iván\.m2\repository\org\apache\httpcomponents\client5\httpclient5\5.2.1\httpclient5-5.2.1.jar;C:\Users\Iván\.m2\repository\org\apache\httpcomponents\core5\httpcore5\5.2\httpcore5-5.2.jar;C:\Users\Iván\.m2\repository\org\apache\httpcomponents\core5\httpcore5-h2\5.2\httpcore5-h2-5.2.jar;C:\Users\Iván\.m2\repository\com\google\guava\guava\25.0-jre\guava-25.0-jre.jar;C:\Users\Iván\.m2\repository\com\google\code\findbugs\jsr305\1.3.9\jsr305-1.3.9.jar;C:\Users\Iván\.m2\repository\org\checkerframework\checker-compat-qual\2.0.0\checker-compat-qual-2.0.0.jar;C:\Users\Iván\.m2\repository\com\google\errorprone\error_prone_annotations\2.1.3\error_prone_annotations-2.1.3.jar;C:\Users\Iván\.m2\repository\com\google\j2objc\j2objc-annotations\1.1\j2objc-annotations-1.1.jar;C:\Users\Iván\.m2\repository\org\codehaus\mojo\animal-sniffer-annotations\1.14\animal-sniffer-annotations-1.14.jar;C:\Users\Iván\.m2\repository\com\squareup\okhttp3\okhttp\3.11.0\okhttp-3.11.0.jar;C:\Users\Iván\.m2\repository\com\squareup\okio\okio\1.14.0\okio-1.14.0.jar;C:\Users\Iván\.m2\repository\org\apache\commons\commons-exec\1.3\commons-exec-1.3.jar;C:\Users\Iván\.m2\repository\junit\junit\4.13.2\junit-4.13.2.jar;C:\Users\Iván\.m2\repository\org\hamcrest\hamcrest-core\1.3\hamcrest-core-1.3.jar;C:\Users\Iván\.m2\repository\org\hamcrest\hamcrest-library\1.3\hamcrest-library-1.3.jar;C:\Users\Iván\.m2\repository\org\slf4j\slf4j-api\1.7.36\slf4j-api-1.7.36.jar;C:\Users\Iván\.m2\repository\org\slf4j\slf4j-simple\1.7.36\slf4j-simple-1.7.36.jar;C:\Users\Iván\.m2\repository\org\projectlombok\lombok\1.18.24\lombok-1.18.24.jar;"/>
    <property name="sun.cpu.endian" value="little"/>
    <property name="user.home" value="C:\Users\Iván"/>
    <property name="user.language" value="es"/>
    <property name="java.specification.vendor" value="Oracle Corporation"/>
    <property name="java.home" value="C:\Backend\Java\openjdk-8u402-b06\jre"/>
    <property name="basedir" value="C:\QA\PracticaFinal"/>
    <property name="file.separator" value="\"/>
    <property name="line.separator" value="&#10;"/>
    <property name="java.vm.specification.vendor" value="Oracle Corporation"/>
    <property name="java.specification.name" value="Java Platform API Specification"/>
    <property name="java.awt.graphicsenv" value="sun.awt.Win32GraphicsEnvironment"/>
    <property name="surefire.real.class.path" value="C:\Users\IVN~1\AppData\Local\Temp\surefire647436814732377033\surefirebooter61468330803375365.jar"/>
    <property name="sun.boot.class.path" value="C:\Backend\Java\openjdk-8u402-b06\jre\lib\resources.jar;C:\Backend\Java\openjdk-8u402-b06\jre\lib\rt.jar;C:\Backend\Java\openjdk-8u402-b06\jre\lib\sunrsasign.jar;C:\Backend\Java\openjdk-8u402-b06\jre\lib\jsse.jar;C:\Backend\Java\openjdk-8u402-b06\jre\lib\jce.jar;C:\Backend\Java\openjdk-8u402-b06\jre\lib\charsets.jar;C:\Backend\Java\openjdk-8u402-b06\jre\lib\jfr.jar;C:\Backend\Java\openjdk-8u402-b06\jre\classes"/>
    <property name="user.script" value=""/>
    <property name="sun.management.compiler" value="HotSpot 64-Bit Tiered Compilers"/>
    <property name="java.runtime.version" value="1.8.0_402-402-b06"/>
    <property name="user.name" value="Pepo"/>
    <property name="path.separator" value=";"/>
    <property name="os.version" value="10.0"/>
    <property name="java.endorsed.dirs" value="C:\Backend\Java\openjdk-8u402-b06\jre\lib\endorsed"/>
    <property name="java.runtime.name" value="OpenJDK Runtime Environment"/>
    <property name="file.encoding" value="Cp1252"/>
    <property name="java.vm.name" value="OpenJDK 64-Bit Server VM"/>
    <property name="localRepository" value="C:\Users\Iván\.m2\repository"/>
    <property name="java.vendor.url.bug" value="http://bugreport.sun.com/bugreport/"/>
    <property name="java.io.tmpdir" value="C:\Users\IVN~1\AppData\Local\Temp\"/>
    <property name="java.version" value="1.8.0_402-402"/>
    <property name="user.dir" value="C:\QA\PracticaFinal"/>
    <property name="os.arch" value="amd64"/>
    <property name="java.vm.specification.name" value="Java Virtual Machine Specification"/>
    <property name="java.awt.printerjob" value="sun.awt.windows.WPrinterJob"/>
    <property name="sun.os.patch.level" value=""/>
    <property name="java.library.path" value="C:\Backend\Java\openjdk-8u402-b06\jre\bin;C:\WINDOWS\Sun\Java\bin;C:\WINDOWS\system32;C:\WINDOWS;C:\Python311\Scripts\;C:\Python311\;C:\WINDOWS\system32;C:\WINDOWS;C:\WINDOWS\System32\Wbem;C:\WINDOWS\System32\WindowsPowerShell\v1.0\;C:\WINDOWS\System32\OpenSSH\;C:\Program Files (x86)\NVIDIA Corporation\PhysX\Common;C:\Program Files\NVIDIA Corporation\NVIDIA NvDLISR;C:\Program Files\dotnet\;C:\Program Files\AutoFirma\AutoFirma;C:\WINDOWS\system32;C:\WINDOWS;C:\WINDOWS\System32\Wbem;C:\WINDOWS\System32\WindowsPowerShell\v1.0\;C:\WINDOWS\System32\OpenSSH\;C:\ProgramData\chocolatey\bin;C:\xampp\php;C:\composer;C:\Program Files\Git\cmd;C:\Program Files\nodejs\;C:\Program Files\Docker\Docker\resources\bin;C:\Backend\Java\openjdk-8u402-b06\bin;C:\Backend\Maven\apache-maven-3.8.6\bin;C:\Program Files\PuTTY\;C:\Program Files\MySQL\MySQL Shell 8.0\bin\;C:\Users\Iván\AppData\Local\Microsoft\WindowsApps;;C:\Users\Iván\AppData\Local\Programs\Microsoft VS Code\bin;C:\Users\Iván\AppData\Local\spicetify;C:\Users\Iván\AppData\Local\Microsoft\WindowsApps;C:\Users\Iván\AppData\Roaming\Composer\vendor\bin;C:\Users\Iván\AppData\Roaming\npm;."/>
    <property name="java.vm.info" value="mixed mode"/>
    <property name="java.vendor" value="OpenLogic-OpenJDK"/>
    <property name="java.vm.version" value="25.402-b06"/>
    <property name="java.specification.maintenance.version" value="5"/>
    <property name="java.ext.dirs" value="C:\Backend\Java\openjdk-8u402-b06\jre\lib\ext;C:\WINDOWS\Sun\Java\lib\ext"/>
    <property name="sun.io.unicode.encoding" value="UnicodeLittle"/>
    <property name="java.class.version" value="52.0"/>
  </properties>
  <testcase name="Validar que el precio de un producto a comprar es correcto como usuario registrado" classname="Verificar checkout" time="16.551"/>
  <testcase name="Validar el número de resultados" classname="Verificar el funcionamiento de los productos destacados" time="3.188"/>
  <testcase name="Validar la existencia de un producto #1" classname="Verificar el funcionamiento de los productos destacados" time="3.532"/>
  <testcase name="Validar la existencia de un producto #2" classname="Verificar el funcionamiento de los productos destacados" time="3.474"/>
  <testcase name="Validar la existencia de un producto #3" classname="Verificar el funcionamiento de los productos destacados" time="3.261"/>
  <testcase name="Validar la existencia de un producto #4" classname="Verificar el funcionamiento de los productos destacados" time="3.499"/>
  <testcase name="Validar que un producto se anade al carrito #1" classname="Verificar el funcionamiento de los productos destacados" time="6.111"/>
  <testcase name="Validar que un producto se anade al carrito #2" classname="Verificar el funcionamiento de los productos destacados" time="6.036"/>
  <testcase name="Validar que un producto se anade al carrito #3" classname="Verificar el funcionamiento de los productos destacados" time="14.978">
    <error message="Expected condition failed: waiting for condition to not be valid: text (&apos;0 item(s) - $0.00&apos;) to be present in element found by By.id: cart-total (tried for 10 second(s) with PT2S interval)&#10;Build info: version: &apos;3.141.59&apos;, revision: &apos;e82be7d358&apos;, time: &apos;2018-11-14T08:17:03&apos;&#10;System info: host: &apos;IVAN&apos;, ip: &apos;26.26.40.170&apos;, os.name: &apos;Windows 11&apos;, os.arch: &apos;amd64&apos;, os.version: &apos;10.0&apos;, java.version: &apos;1.8.0_402-402&apos;&#10;Driver info: driver.version: unknown" type="org.openqa.selenium.TimeoutException">org.openqa.selenium.TimeoutException: 
Expected condition failed: waiting for condition to not be valid: text ('0 item(s) - $0.00') to be present in element found by By.id: cart-total (tried for 10 second(s) with PT2S interval)
Build info: version: '3.141.59', revision: 'e82be7d358', time: '2018-11-14T08:17:03'
System info: host: 'IVAN', ip: '26.26.40.170', os.name: 'Windows 11', os.arch: 'amd64', os.version: '10.0', java.version: '1.8.0_402-402'
Driver info: driver.version: unknown
</error>
    <system-out><![CDATA[prizeWithoutTax - - 1191.0

Scenario: Validar que el precio de un producto a comprar es correcto como usuario registrado                                                                                                                                      &amp#27;[90m# src/test/resources/checkout.feature:16&amp#27;[0m
  &amp#27;[32mGiven &amp#27;[0m&amp#27;[32mme encuentro en la pagina home&amp#27;[0m                                                                                                                                                                                            &amp#27;[90m# com.hiberus.university.selenium.stepdefs.HomePageSteps.me_encuentro_en_la_pagina_home()&amp#27;[0m
  &amp#27;[32mWhen &amp#27;[0m&amp#27;[32manado el producto &amp#27;[0m&amp#27;[32m&amp#27;[1m"MacBook"&amp#27;[0m&amp#27;[32m al carrito&amp#27;[0m                                                                                                                                                                                     &amp#27;[90m# com.hiberus.university.selenium.stepdefs.FeaturedProductsSteps.anado_el_producto_al_carrito(java.lang.String)&amp#27;[0m
  &amp#27;[32mAnd &amp#27;[0m&amp#27;[32mhago click en el boton de checkout&amp#27;[0m                                                                                                                                                                                          &amp#27;[90m# com.hiberus.university.selenium.stepdefs.HomePageSteps.hago_click_en_el_boton_checkout()&amp#27;[0m
  &amp#27;[32mAnd &amp#27;[0m&amp#27;[32mintroduzco el email &amp#27;[0m&amp#27;[32m&amp#27;[1m"ivangomcav@gmail.com"&amp#27;[0m&amp#27;[32m y la contrasena &amp#27;[0m&amp#27;[32m&amp#27;[1m"Boligrafo_12"&amp#27;[0m&amp#27;[32m en el checkout&amp#27;[0m                                                                                                                                    &amp#27;[90m# com.hiberus.university.selenium.stepdefs.CheckoutPageSteps.introduzco_el_email_y_la_contrasena_en_el_checkout(java.lang.String,java.lang.String)&amp#27;[0m
  &amp#27;[32mAnd &amp#27;[0m&amp#27;[32mintroduzco los datos de facturacion: firstName &amp#27;[0m&amp#27;[32m&amp#27;[1m"Ivan"&amp#27;[0m&amp#27;[32m, lastName &amp#27;[0m&amp#27;[32m&amp#27;[1m"Gomez"&amp#27;[0m&amp#27;[32m, company &amp#27;[0m&amp#27;[32m&amp#27;[1m"Hiberus"&amp#27;[0m&amp#27;[32m, address1 &amp#27;[0m&amp#27;[32m&amp#27;[1m"C. de los Vinos de la Ribera del Duero, 7"&amp#27;[0m&amp#27;[32m, city &amp#27;[0m&amp#27;[32m&amp#27;[1m"Valladolid"&amp#27;[0m&amp#27;[32m, postCode &amp#27;[0m&amp#27;[32m&amp#27;[1m"47008"&amp#27;[0m&amp#27;[32m, country &amp#27;[0m&amp#27;[32m&amp#27;[1m"Spain"&amp#27;[0m&amp#27;[32m, region &amp#27;[0m&amp#27;[32m&amp#27;[1m"Valladolid"&amp#27;[0m &amp#27;[90m# com.hiberus.university.selenium.stepdefs.CheckoutPageSteps.introduzco_los_datos_de_facturacion_first_name_last_name_company_address1_city_post_code_country_region(java.lang.String,java.lang.String,java.lang.String,java.lang.String,java.lang.String,java.lang.String,java.lang.String,java.lang.String)&amp#27;[0m
  &amp#27;[32mAnd &amp#27;[0m&amp#27;[32mhago click en el boton de continuar en el payment method aceptando los terminos y condiciones&amp#27;[0m                                                                                                                               &amp#27;[90m# com.hiberus.university.selenium.stepdefs.CheckoutPageSteps.hago_click_en_el_boton_de_continuar_en_el_payment_method_aceptando_los_terminos_y_condiciones()&amp#27;[0m
  &amp#27;[32mThen &amp#27;[0m&amp#27;[32mcompruebo que el subtotal es el esperado&amp#27;[0m                                                                                                                                                                                   &amp#27;[90m# com.hiberus.university.selenium.stepdefs.CheckoutPageSteps.compruebo_que_el_subtotal_es()&amp#27;[0m

Scenario: Validar el nÃºmero de resultados        &amp#27;[90m# src/test/resources/featuredProducts.feature:6&amp#27;[0m
  &amp#27;[32mGiven &amp#27;[0m&amp#27;[32mme encuentro en la pagina home&amp#27;[0m           &amp#27;[90m# com.hiberus.university.selenium.stepdefs.HomePageSteps.me_encuentro_en_la_pagina_home()&amp#27;[0m
  &amp#27;[32mThen &amp#27;[0m&amp#27;[32men el apartado featured hay &amp#27;[0m&amp#27;[32m&amp#27;[1m"4"&amp#27;[0m&amp#27;[32m productos&amp#27;[0m &amp#27;[90m# com.hiberus.university.selenium.stepdefs.FeaturedProductsSteps.en_el_apartado_featured_hay_productos(java.lang.String)&amp#27;[0m

Scenario: Validar la existencia de un producto    &amp#27;[90m# src/test/resources/featuredProducts.feature:14&amp#27;[0m
  &amp#27;[32mGiven &amp#27;[0m&amp#27;[32mme encuentro en la pagina home&amp#27;[0m            &amp#27;[90m# com.hiberus.university.selenium.stepdefs.HomePageSteps.me_encuentro_en_la_pagina_home()&amp#27;[0m
  &amp#27;[32mThen &amp#27;[0m&amp#27;[32mcompruebo que el producto &amp#27;[0m&amp#27;[32m&amp#27;[1m"MacBook"&amp#27;[0m&amp#27;[32m existe&amp#27;[0m &amp#27;[90m# com.hiberus.university.selenium.stepdefs.FeaturedProductsSteps.compruebo_que_el_producto_existe(java.lang.String)&amp#27;[0m

Scenario: Validar la existencia de un producto   &amp#27;[90m# src/test/resources/featuredProducts.feature:15&amp#27;[0m
  &amp#27;[32mGiven &amp#27;[0m&amp#27;[32mme encuentro en la pagina home&amp#27;[0m           &amp#27;[90m# com.hiberus.university.selenium.stepdefs.HomePageSteps.me_encuentro_en_la_pagina_home()&amp#27;[0m
  &amp#27;[32mThen &amp#27;[0m&amp#27;[32mcompruebo que el producto &amp#27;[0m&amp#27;[32m&amp#27;[1m"iPhone"&amp#27;[0m&amp#27;[32m existe&amp#27;[0m &amp#27;[90m# com.hiberus.university.selenium.stepdefs.FeaturedProductsSteps.compruebo_que_el_producto_existe(java.lang.String)&amp#27;[0m

Scenario: Validar la existencia de un producto              &amp#27;[90m# src/test/resources/featuredProducts.feature:16&amp#27;[0m
  &amp#27;[32mGiven &amp#27;[0m&amp#27;[32mme encuentro en la pagina home&amp#27;[0m                      &amp#27;[90m# com.hiberus.university.selenium.stepdefs.HomePageSteps.me_encuentro_en_la_pagina_home()&amp#27;[0m
  &amp#27;[32mThen &amp#27;[0m&amp#27;[32mcompruebo que el producto &amp#27;[0m&amp#27;[32m&amp#27;[1m"Apple Cinema 30\""&amp#27;[0m&amp#27;[32m existe&amp#27;[0m &amp#27;[90m# com.hiberus.university.selenium.stepdefs.FeaturedProductsSteps.compruebo_que_el_producto_existe(java.lang.String)&amp#27;[0m

Scenario: Validar la existencia de un producto         &amp#27;[90m# src/test/resources/featuredProducts.feature:17&amp#27;[0m
  &amp#27;[32mGiven &amp#27;[0m&amp#27;[32mme encuentro en la pagina home&amp#27;[0m                 &amp#27;[90m# com.hiberus.university.selenium.stepdefs.HomePageSteps.me_encuentro_en_la_pagina_home()&amp#27;[0m
  &amp#27;[32mThen &amp#27;[0m&amp#27;[32mcompruebo que el producto &amp#27;[0m&amp#27;[32m&amp#27;[1m"Canon EOS 5D"&amp#27;[0m&amp#27;[32m existe&amp#27;[0m &amp#27;[90m# com.hiberus.university.selenium.stepdefs.FeaturedProductsSteps.compruebo_que_el_producto_existe(java.lang.String)&amp#27;[0m

Scenario: Validar que un producto se anade al carrito &amp#27;[90m# src/test/resources/featuredProducts.feature:26&amp#27;[0m
  &amp#27;[32mGiven &amp#27;[0m&amp#27;[32mme encuentro en la pagina home&amp#27;[0m                &amp#27;[90m# com.hiberus.university.selenium.stepdefs.HomePageSteps.me_encuentro_en_la_pagina_home()&amp#27;[0m
  &amp#27;[32mWhen &amp#27;[0m&amp#27;[32manado el producto &amp#27;[0m&amp#27;[32m&amp#27;[1m"MacBook"&amp#27;[0m&amp#27;[32m al carrito&amp#27;[0m         &amp#27;[90m# com.hiberus.university.selenium.stepdefs.FeaturedProductsSteps.anado_el_producto_al_carrito(java.lang.String)&amp#27;[0m
  &amp#27;[32mAnd &amp#27;[0m&amp#27;[32mhago click en el boton de carrito negro&amp#27;[0m         &amp#27;[90m# com.hiberus.university.selenium.stepdefs.FeaturedProductsSteps.hago_click_en_el_boton_de_carrito_negro()&amp#27;[0m
  &amp#27;[32mThen &amp#27;[0m&amp#27;[32mcompruebo que en el carrito hay &amp#27;[0m&amp#27;[32m&amp#27;[1m"1"&amp#27;[0m&amp#27;[32m elementos&amp#27;[0m  &amp#27;[90m# com.hiberus.university.selenium.stepdefs.FeaturedProductsSteps.compruebo_que_en_el_carrito_hay_elemento(java.lang.String)&amp#27;[0m

Scenario: Validar que un producto se anade al carrito &amp#27;[90m# src/test/resources/featuredProducts.feature:27&amp#27;[0m
  &amp#27;[32mGiven &amp#27;[0m&amp#27;[32mme encuentro en la pagina home&amp#27;[0m                &amp#27;[90m# com.hiberus.university.selenium.stepdefs.HomePageSteps.me_encuentro_en_la_pagina_home()&amp#27;[0m
  &amp#27;[32mWhen &amp#27;[0m&amp#27;[32manado el producto &amp#27;[0m&amp#27;[32m&amp#27;[1m"iPhone"&amp#27;[0m&amp#27;[32m al carrito&amp#27;[0m          &amp#27;[90m# com.hiberus.university.selenium.stepdefs.FeaturedProductsSteps.anado_el_producto_al_carrito(java.lang.String)&amp#27;[0m
  &amp#27;[32mAnd &amp#27;[0m&amp#27;[32mhago click en el boton de carrito negro&amp#27;[0m         &amp#27;[90m# com.hiberus.university.selenium.stepdefs.FeaturedProductsSteps.hago_click_en_el_boton_de_carrito_negro()&amp#27;[0m
  &amp#27;[32mThen &amp#27;[0m&amp#27;[32mcompruebo que en el carrito hay &amp#27;[0m&amp#27;[32m&amp#27;[1m"1"&amp#27;[0m&amp#27;[32m elementos&amp#27;[0m  &amp#27;[90m# com.hiberus.university.selenium.stepdefs.FeaturedProductsSteps.compruebo_que_en_el_carrito_hay_elemento(java.lang.String)&amp#27;[0m

Scenario: Validar que un producto se anade al carrito   &amp#27;[90m# src/test/resources/featuredProducts.feature:28&amp#27;[0m
  &amp#27;[32mGiven &amp#27;[0m&amp#27;[32mme encuentro en la pagina home&amp#27;[0m                  &amp#27;[90m# com.hiberus.university.selenium.stepdefs.HomePageSteps.me_encuentro_en_la_pagina_home()&amp#27;[0m
  &amp#27;[31mWhen &amp#27;[0m&amp#27;[31manado el producto &amp#27;[0m&amp#27;[31m&amp#27;[1m"Apple Cinema 30\""&amp#27;[0m&amp#27;[31m al carrito&amp#27;[0m &amp#27;[90m# com.hiberus.university.selenium.stepdefs.FeaturedProductsSteps.anado_el_producto_al_carrito(java.lang.String)&amp#27;[0m
      &amp#27;[31morg.openqa.selenium.TimeoutException: Expected condition failed: waiting for ]]></system-out>
    <system-err><![CDATA[[main] INFO com.hiberus.university.selenium.support.Hooks - starting Validar que un producto se anade al carrito
[main] INFO io.github.bonigarcia.wdm.WebDriverManager - Using chromedriver 122.0.6261.94 (resolved driver for Chrome 122)
[main] INFO io.github.bonigarcia.wdm.WebDriverManager - Exporting webdriver.chrome.driver as C:\Users\Iván\.cache\selenium\chromedriver\win64\122.0.6261.94\chromedriver.exe
Starting ChromeDriver 122.0.6261.94 (880dbf29479c6152d5e4f08dfd3a96b30f919e56-refs/branch-heads/6261@{#960}) on port 19989
Only local connections are allowed.
Please see https://chromedriver.chromium.org/security-considerations for suggestions on keeping ChromeDriver safe.
ChromeDriver was started successfully.
mar 06, 2024 4:56:51 PM org.openqa.selenium.remote.ProtocolHandshake createSession
INFORMACIÓN: Detected dialect: W3C
[main] INFO com.hiberus.university.selenium.support.Hooks - ending Validar que un producto se anade al carrito
]]></system-err>
  </testcase>
  <testcase name="Validar que un producto se anade al carrito #4" classname="Verificar el funcionamiento de los productos destacados" time="14.602">
    <error message="Expected condition failed: waiting for condition to not be valid: text (&apos;0 item(s) - $0.00&apos;) to be present in element found by By.id: cart-total (tried for 10 second(s) with PT2S interval)&#10;Build info: version: &apos;3.141.59&apos;, revision: &apos;e82be7d358&apos;, time: &apos;2018-11-14T08:17:03&apos;&#10;System info: host: &apos;IVAN&apos;, ip: &apos;26.26.40.170&apos;, os.name: &apos;Windows 11&apos;, os.arch: &apos;amd64&apos;, os.version: &apos;10.0&apos;, java.version: &apos;1.8.0_402-402&apos;&#10;Driver info: driver.version: unknown" type="org.openqa.selenium.TimeoutException">org.openqa.selenium.TimeoutException: 
Expected condition failed: waiting for condition to not be valid: text ('0 item(s) - $0.00') to be present in element found by By.id: cart-total (tried for 10 second(s) with PT2S interval)
Build info: version: '3.141.59', revision: 'e82be7d358', time: '2018-11-14T08:17:03'
System info: host: 'IVAN', ip: '26.26.40.170', os.name: 'Windows 11', os.arch: 'amd64', os.version: '10.0', java.version: '1.8.0_402-402'
Driver info: driver.version: unknown
</error>
    <system-out><![CDATA[prizeWithoutTax - - 1271.0
]]></system-out>
    <system-err><![CDATA[[main] INFO com.hiberus.university.selenium.support.Hooks - starting Validar que un producto se anade al carrito
[main] INFO io.github.bonigarcia.wdm.WebDriverManager - Using chromedriver 122.0.6261.94 (resolved driver for Chrome 122)
[main] INFO io.github.bonigarcia.wdm.WebDriverManager - Exporting webdriver.chrome.driver as C:\Users\Iván\.cache\selenium\chromedriver\win64\122.0.6261.94\chromedriver.exe
Starting ChromeDriver 122.0.6261.94 (880dbf29479c6152d5e4f08dfd3a96b30f919e56-refs/branch-heads/6261@{#960}) on port 18090
Only local connections are allowed.
Please see https://chromedriver.chromium.org/security-considerations for suggestions on keeping ChromeDriver safe.
ChromeDriver was started successfully.
mar 06, 2024 4:57:06 PM org.openqa.selenium.remote.ProtocolHandshake createSession
INFORMACIÓN: Detected dialect: W3C
[main] INFO com.hiberus.university.selenium.support.Hooks - ending Validar que un producto se anade al carrito
]]></system-err>
  </testcase>
  <testcase name="Validar que varios productos aleatorios se anaden al carrito" classname="Verificar el funcionamiento de los productos destacados" time="4.712">
    <failure message="Los productos esperados en el carrito no coinciden con los actuales expected:&lt;2&gt; but was:&lt;1&gt;" type="java.lang.AssertionError"><![CDATA[java.lang.AssertionError: Los productos esperados en el carrito no coinciden con los actuales expected:<2> but was:<1>
]]></failure>
    <system-err><![CDATA[[main] INFO com.hiberus.university.selenium.support.Hooks - starting Validar que varios productos aleatorios se anaden al carrito
[main] INFO io.github.bonigarcia.wdm.WebDriverManager - Using chromedriver 122.0.6261.94 (resolved driver for Chrome 122)
[main] INFO io.github.bonigarcia.wdm.WebDriverManager - Exporting webdriver.chrome.driver as C:\Users\Iván\.cache\selenium\chromedriver\win64\122.0.6261.94\chromedriver.exe
Starting ChromeDriver 122.0.6261.94 (880dbf29479c6152d5e4f08dfd3a96b30f919e56-refs/branch-heads/6261@{#960}) on port 8559
Only local connections are allowed.
Please see https://chromedriver.chromium.org/security-considerations for suggestions on keeping ChromeDriver safe.
ChromeDriver was started successfully.
mar 06, 2024 4:57:20 PM org.openqa.selenium.remote.ProtocolHandshake createSession
INFORMACIÓN: Detected dialect: W3C
[main] INFO com.hiberus.university.selenium.support.Hooks - ending Validar que varios productos aleatorios se anaden al carrito
]]></system-err>
  </testcase>
  <testcase name="Validar que el mismo producto se anada varias veces al carrito #1" classname="Verificar el funcionamiento de los productos destacados" time="16.852">
    <error message="Expected condition failed: waiting for condition to not be valid: text (&apos;2 item(s) - $1,204.00&apos;) to be present in element found by By.id: cart-total (tried for 10 second(s) with PT2S interval)&#10;Build info: version: &apos;3.141.59&apos;, revision: &apos;e82be7d358&apos;, time: &apos;2018-11-14T08:17:03&apos;&#10;System info: host: &apos;IVAN&apos;, ip: &apos;26.26.40.170&apos;, os.name: &apos;Windows 11&apos;, os.arch: &apos;amd64&apos;, os.version: &apos;10.0&apos;, java.version: &apos;1.8.0_402-402&apos;&#10;Driver info: driver.version: unknown" type="org.openqa.selenium.TimeoutException">org.openqa.selenium.TimeoutException: 
Expected condition failed: waiting for condition to not be valid: text ('2 item(s) - $1,204.00') to be present in element found by By.id: cart-total (tried for 10 second(s) with PT2S interval)
Build info: version: '3.141.59', revision: 'e82be7d358', time: '2018-11-14T08:17:03'
System info: host: 'IVAN', ip: '26.26.40.170', os.name: 'Windows 11', os.arch: 'amd64', os.version: '10.0', java.version: '1.8.0_402-402'
Driver info: driver.version: unknown
</error>
    <system-out><![CDATA[prizeWithoutTax - - 1771.0
El producto se ha aÃ±adido correctamente al carrito.
prizeWithoutTax - - 2271.0
El producto se ha aÃ±adido correctamente al carrito.
prizeWithoutTax - - 2771.0
]]></system-out>
    <system-err><![CDATA[[main] INFO com.hiberus.university.selenium.support.Hooks - starting Validar que el mismo producto se anada varias veces al carrito
[main] INFO io.github.bonigarcia.wdm.WebDriverManager - Using chromedriver 122.0.6261.94 (resolved driver for Chrome 122)
[main] INFO io.github.bonigarcia.wdm.WebDriverManager - Exporting webdriver.chrome.driver as C:\Users\Iván\.cache\selenium\chromedriver\win64\122.0.6261.94\chromedriver.exe
Starting ChromeDriver 122.0.6261.94 (880dbf29479c6152d5e4f08dfd3a96b30f919e56-refs/branch-heads/6261@{#960}) on port 43592
Only local connections are allowed.
Please see https://chromedriver.chromium.org/security-considerations for suggestions on keeping ChromeDriver safe.
ChromeDriver was started successfully.
mar 06, 2024 4:57:25 PM org.openqa.selenium.remote.ProtocolHandshake createSession
INFORMACIÓN: Detected dialect: W3C
[main] INFO com.hiberus.university.selenium.support.Hooks - ending Validar que el mismo producto se anada varias veces al carrito
]]></system-err>
  </testcase>
  <testcase name="Validar que el mismo producto se anada varias veces al carrito #2" classname="Verificar el funcionamiento de los productos destacados" time="8.904"/>
  <testcase name="Introducir los datos invalidos #1" classname="Verificar la funcionalidad de la pagian de login" time="4.117"/>
  <testcase name="Introducir los datos invalidos #2" classname="Verificar la funcionalidad de la pagian de login" time="4.29"/>
  <testcase name="Introducir los datos invalidos #3" classname="Verificar la funcionalidad de la pagian de login" time="4.088"/>
  <testcase name="Introducir los datos correctos" classname="Verificar la funcionalidad de la pagian de login" time="4.467"/>
  <testcase name="Registro con datos vacios" classname="Verificar la funcionalidad del registro" time="4.311"/>
  <testcase name="Registro con datos vacios aceptando la Privacy Policy" classname="Verificar la funcionalidad del registro" time="4.302"/>
  <testcase name="Registro con los datos correctos" classname="Verificar la funcionalidad del registro" time="5.08">
    <failure message="Los mensajes de registro no coinciden expected:&lt;[Congratulations! Your new account has been successfully created!]&gt; but was:&lt;[If you already have an account with us, please login at the login page.]&gt;" type="org.junit.ComparisonFailure"><![CDATA[org.junit.ComparisonFailure: Los mensajes de registro no coinciden expected:<[Congratulations! Your new account has been successfully created!]> but was:<[If you already have an account with us, please login at the login page.]>
]]></failure>
    <system-out><![CDATA[   &amp#27;[90m# com.hiberus.university.selenium.stepdefs.FeaturedProductsSteps.anado_el_producto_al_carrito(java.lang.String)&amp#27;[0m
  &amp#27;[32mAnd &amp#27;[0m&amp#27;[32manado el producto &amp#27;[0m&amp#27;[32m&amp#27;[1m"iPhone"&amp#27;[0m&amp#27;[32m al carrito&amp#27;[0m                              &amp#27;[90m# com.hiberus.university.selenium.stepdefs.FeaturedProductsSteps.anado_el_producto_al_carrito(java.lang.String)&amp#27;[0m
  &amp#27;[32mAnd &amp#27;[0m&amp#27;[32manado el producto &amp#27;[0m&amp#27;[32m&amp#27;[1m"iPhone"&amp#27;[0m&amp#27;[32m al carrito&amp#27;[0m                              &amp#27;[90m# com.hiberus.university.selenium.stepdefs.FeaturedProductsSteps.anado_el_producto_al_carrito(java.lang.String)&amp#27;[0m
  &amp#27;[32mAnd &amp#27;[0m&amp#27;[32mhago click en el boton de carrito negro&amp#27;[0m                            &amp#27;[90m# com.hiberus.university.selenium.stepdefs.FeaturedProductsSteps.hago_click_en_el_boton_de_carrito_negro()&amp#27;[0m
  &amp#27;[32mThen &amp#27;[0m&amp#27;[32mcompruebo que en el carrito esta el elemento &amp#27;[0m&amp#27;[32m&amp#27;[1m"iPhone"&amp#27;[0m&amp#27;[32m &amp#27;[0m&amp#27;[32m&amp#27;[1m"3"&amp#27;[0m&amp#27;[32m veces&amp#27;[0m   &amp#27;[90m# com.hiberus.university.selenium.stepdefs.FeaturedProductsSteps.compruebo_que_en_el_carrito_esta_el_elemento_veces(java.lang.String,java.lang.String)&amp#27;[0m

Scenario: Introducir los datos invalidos                                                      &amp#27;[90m# src/test/resources/login.feature:13&amp#27;[0m
  &amp#27;[32mGiven &amp#27;[0m&amp#27;[32mme encuentro en la pagina home&amp#27;[0m                                                        &amp#27;[90m# com.hiberus.university.selenium.stepdefs.HomePageSteps.me_encuentro_en_la_pagina_home()&amp#27;[0m
  &amp#27;[32mWhen &amp#27;[0m&amp#27;[32mhago click en el boton de login&amp#27;[0m                                                        &amp#27;[90m# com.hiberus.university.selenium.stepdefs.HomePageSteps.hago_click_en_el_boton_de_login()&amp#27;[0m
  &amp#27;[32mAnd &amp#27;[0m&amp#27;[32mintroduzco el email &amp#27;[0m&amp#27;[32m&amp#27;[1m"ivangomcav.com"&amp#27;[0m&amp#27;[32m y la contrasena &amp#27;[0m&amp#27;[32m&amp#27;[1m"Boligrafo_12"&amp#27;[0m                     &amp#27;[90m# com.hiberus.university.selenium.stepdefs.LoginPageSteps.introduzco_el_email_y_la_contrasena(java.lang.String,java.lang.String)&amp#27;[0m
  &amp#27;[32mThen &amp#27;[0m&amp#27;[32mse muestra el mensaje de error &amp#27;[0m&amp#27;[32m&amp#27;[1m"Warning: No match for E-Mail Address and/or Password."&amp#27;[0m &amp#27;[90m# com.hiberus.university.selenium.stepdefs.LoginPageSteps.se_muestra_el_mensaje_de_error(java.lang.String)&amp#27;[0m

Scenario: Introducir los datos invalidos                                                      &amp#27;[90m# src/test/resources/login.feature:14&amp#27;[0m
  &amp#27;[32mGiven &amp#27;[0m&amp#27;[32mme encuentro en la pagina home&amp#27;[0m                                                        &amp#27;[90m# com.hiberus.university.selenium.stepdefs.HomePageSteps.me_encuentro_en_la_pagina_home()&amp#27;[0m
  &amp#27;[32mWhen &amp#27;[0m&amp#27;[32mhago click en el boton de login&amp#27;[0m                                                        &amp#27;[90m# com.hiberus.university.selenium.stepdefs.HomePageSteps.hago_click_en_el_boton_de_login()&amp#27;[0m
  &amp#27;[32mAnd &amp#27;[0m&amp#27;[32mintroduzco el email &amp#27;[0m&amp#27;[32m&amp#27;[1m"ivangomcav@gmail.com"&amp#27;[0m&amp#27;[32m y la contrasena &amp#27;[0m&amp#27;[32m&amp#27;[1m"pepepe"&amp#27;[0m                     &amp#27;[90m# com.hiberus.university.selenium.stepdefs.LoginPageSteps.introduzco_el_email_y_la_contrasena(java.lang.String,java.lang.String)&amp#27;[0m
  &amp#27;[32mThen &amp#27;[0m&amp#27;[32mse muestra el mensaje de error &amp#27;[0m&amp#27;[32m&amp#27;[1m"Warning: No match for E-Mail Address and/or Password."&amp#27;[0m &amp#27;[90m# com.hiberus.university.selenium.stepdefs.LoginPageSteps.se_muestra_el_mensaje_de_error(java.lang.String)&amp#27;[0m

Scenario: Introducir los datos invalidos                                                      &amp#27;[90m# src/test/resources/login.feature:15&amp#27;[0m
  &amp#27;[32mGiven &amp#27;[0m&amp#27;[32mme encuentro en la pagina home&amp#27;[0m                                                        &amp#27;[90m# com.hiberus.university.selenium.stepdefs.HomePageSteps.me_encuentro_en_la_pagina_home()&amp#27;[0m
  &amp#27;[32mWhen &amp#27;[0m&amp#27;[32mhago click en el boton de login&amp#27;[0m                                                        &amp#27;[90m# com.hiberus.university.selenium.stepdefs.HomePageSteps.hago_click_en_el_boton_de_login()&amp#27;[0m
  &amp#27;[32mAnd &amp#27;[0m&amp#27;[32mintroduzco el email &amp#27;[0m&amp#27;[32m&amp#27;[1m".com"&amp#27;[0m&amp#27;[32m y la contrasena &amp#27;[0m&amp#27;[32m&amp#27;[1m"pepepe"&amp#27;[0m                                     &amp#27;[90m# com.hiberus.university.selenium.stepdefs.LoginPageSteps.introduzco_el_email_y_la_contrasena(java.lang.String,java.lang.String)&amp#27;[0m
  &amp#27;[32mThen &amp#27;[0m&amp#27;[32mse muestra el mensaje de error &amp#27;[0m&amp#27;[32m&amp#27;[1m"Warning: No match for E-Mail Address and/or Password."&amp#27;[0m &amp#27;[90m# com.hiberus.university.selenium.stepdefs.LoginPageSteps.se_muestra_el_mensaje_de_error(java.lang.String)&amp#27;[0m

Scenario: Introducir los datos correctos                                                                      &amp#27;[90m# src/test/resources/login.feature:17&amp#27;[0m
  &amp#27;[32mGiven &amp#27;[0m&amp#27;[32mme encuentro en la pagina home&amp#27;[0m                                                                        &amp#27;[90m# com.hiberus.university.selenium.stepdefs.HomePageSteps.me_encuentro_en_la_pagina_home()&amp#27;[0m
  &amp#27;[32mWhen &amp#27;[0m&amp#27;[32mhago click en el boton de login&amp#27;[0m                                                                        &amp#27;[90m# com.hiberus.university.selenium.stepdefs.HomePageSteps.hago_click_en_el_boton_de_login()&amp#27;[0m
  &amp#27;[32mAnd &amp#27;[0m&amp#27;[32mintroduzco el email &amp#27;[0m&amp#27;[32m&amp#27;[1m"ivangomcav@gmail.com"&amp#27;[0m&amp#27;[32m y la contrasena &amp#27;[0m&amp#27;[32m&amp#27;[1m"Boligrafo_12"&amp#27;[0m                               &amp#27;[90m# com.hiberus.university.selenium.stepdefs.LoginPageSteps.introduzco_el_email_y_la_contrasena(java.lang.String,java.lang.String)&amp#27;[0m
  &amp#27;[32mThen &amp#27;[0m&amp#27;[32mme encuentro en la pagina de MyAccount &amp#27;[0m&amp#27;[32m&amp#27;[1m"https://opencart.abstracta.us/index.php?route=account/account"&amp#27;[0m &amp#27;[90m# com.hiberus.university.selenium.stepdefs.MyAccountPageSteps.me_encuentro_en_la_pagina_de_my_account(java.lang.String)&amp#27;[0m

Scenario: Registro con datos vacios                                                 &amp#27;[90m# src/test/resources/register.feature:7&amp#27;[0m
  &amp#27;[32mGiven &amp#27;[0m&amp#27;[32mme encuentro en la pagina home&amp#27;[0m                                              &amp#27;[90m# com.hiberus.university.selenium.stepdefs.HomePageSteps.me_encuentro_en_la_pagina_home()&amp#27;[0m
  &amp#27;[32mWhen &amp#27;[0m&amp#27;[32mhago click en el boton de registro&amp#27;[0m                                           &amp#27;[90m# com.hiberus.university.selenium.stepdefs.HomePageSteps.hago_click_en_el_boton_de_registro()&amp#27;[0m
  &amp#27;[32mAnd &amp#27;[0m&amp#27;[32mle doy al boton de continuar&amp#27;[0m                                                  &amp#27;[90m# com.hiberus.university.selenium.stepdefs.RegisterPageSteps.le_doy_al_boton_de_continuar()&amp#27;[0m
  &amp#27;[32mThen &amp#27;[0m&amp#27;[32maparece el mensaje de error &amp#27;[0m&amp#27;[32m&amp#27;[1m"Warning: You must agree to the Privacy Policy!"&amp#27;[0m &amp#27;[90m# com.hiberus.university.selenium.stepdefs.RegisterPageSteps.aparece_el_mensaje_de_error(java.lang.String)&amp#27;[0m

Scenario: Registro con datos vacios aceptando la Privacy Policy        &amp#27;[90m# src/test/resources/register.feature:11&amp#27;[0m
  &amp#27;[32mGiven &amp#27;[0m&amp#27;[32mme encuentro en la pagina home&amp#27;[0m                                 &amp#27;[90m# com.hiberus.university.selenium.stepdefs.HomePageSteps.me_encuentro_en_la_pagina_home()&amp#27;[0m
  &amp#27;[32mWhen &amp#27;[0m&amp#27;[32mhago click en el boton de registro&amp#27;[0m                              &amp#27;[90m# com.hiberus.university.selenium.stepdefs.HomePageSteps.hago_click_en_el_boton_de_registro()&amp#27;[0m
  &amp#27;[32mAnd &amp#27;[0m&amp#27;[32mhago click en el checkbox de PrivacyPolicy&amp#27;[0m                       &amp#27;[90m# com.hiberus.university.selenium.stepdefs.RegisterPageSteps.hago_click_en_el_checkbox_de_privacy_policy()&amp#27;[0m
  &amp#27;[32mAnd &amp#27;[0m&amp#27;[32mle doy al boton de continuar&amp#27;[0m                                     &amp#27;[90m# com.hiberus.university.selenium.stepdefs.RegisterPageSteps.le_doy_al_boton_de_continuar()&amp#27;[0m
  &amp#27;[32mThen &amp#27;[0m&amp#27;[32maparecen todos los mensajes de error de los inputs obligatorios&amp#27;[0m &amp#27;[90m# com.hiberus.university.selenium.stepdefs.RegisterPageSteps.aparecen_todos_los_mensajes_de_error_de_los_inputs_obligatorios()&amp#27;[0m

Scenario: Registro con los datos correctos                                                                                                        &amp#27;[90m# src/test/resources/register.feature:24&amp#27;[0m
  &amp#27;[32mGiven &amp#27;[0m&amp#27;[32mme encuentro en la pagina home&amp#27;[0m                                                                                                            &amp#27;[90m# com.hiberus.university.selenium.stepdefs.HomePageSteps.me_encuentro_en_la_pagina_home()&amp#27;[0m
  &amp#27;[32mWhen &amp#27;[0m&amp#27;[32mhago click en el boton de registro&amp#27;[0m                          ]]></system-out>
    <system-err><![CDATA[[main] INFO com.hiberus.university.selenium.support.Hooks - starting Registro con los datos correctos
[main] INFO io.github.bonigarcia.wdm.WebDriverManager - Using chromedriver 122.0.6261.94 (resolved driver for Chrome 122)
[main] INFO io.github.bonigarcia.wdm.WebDriverManager - Exporting webdriver.chrome.driver as C:\Users\Iván\.cache\selenium\chromedriver\win64\122.0.6261.94\chromedriver.exe
Starting ChromeDriver 122.0.6261.94 (880dbf29479c6152d5e4f08dfd3a96b30f919e56-refs/branch-heads/6261@{#960}) on port 51541
Only local connections are allowed.
Please see https://chromedriver.chromium.org/security-considerations for suggestions on keeping ChromeDriver safe.
ChromeDriver was started successfully.
mar 06, 2024 4:58:17 PM org.openqa.selenium.remote.ProtocolHandshake createSession
INFORMACIÓN: Detected dialect: W3C
[main] INFO com.hiberus.university.selenium.support.Hooks - ending Registro con los datos correctos
]]></system-err>
  </testcase>
</testsuite>